{"clientVersion":"6.16.0","errorCode":"P1001","level":"error","message":"Failed to start server: Can't reach database server at `localhost:5432`\n\nPlease make sure your database server is running at `localhost:5432`.","name":"PrismaClientInitializationError","stack":"PrismaClientInitializationError: Can't reach database server at `localhost:5432`\n\nPlease make sure your database server is running at `localhost:5432`.\n    at r (/home/chocolatebrownies/fabric-hactt/fabric-samples/hactt-rest/node_modules/@prisma/client/src/runtime/core/engines/library/LibraryEngine.ts:440:17)\n    at async startServer (/home/chocolatebrownies/fabric-hactt/fabric-samples/hactt-rest/src/server.ts:11:9)","timestamp":"2025-09-11 16:28:49"}
{"clientVersion":"6.16.0","errorCode":"P1001","level":"error","message":"Failed to start server: Can't reach database server at `localhost:5432`\n\nPlease make sure your database server is running at `localhost:5432`.","name":"PrismaClientInitializationError","stack":"PrismaClientInitializationError: Can't reach database server at `localhost:5432`\n\nPlease make sure your database server is running at `localhost:5432`.\n    at r (/home/chocolatebrownies/fabric-hactt/fabric-samples/hactt-rest/node_modules/@prisma/client/src/runtime/core/engines/library/LibraryEngine.ts:440:17)\n    at async startServer (/home/chocolatebrownies/fabric-hactt/fabric-samples/hactt-rest/src/server.ts:11:9)","timestamp":"2025-09-11 16:29:04"}
{"level":"info","message":"Database connected successfully","timestamp":"2025-09-11 16:33:20"}
{"level":"info","message":"Server running on port 3000","timestamp":"2025-09-11 16:33:20"}
{"level":"info","message":"Environment: development","timestamp":"2025-09-11 16:33:20"}
{"level":"info","message":"API Documentation: http://localhost:3000/api/v1","timestamp":"2025-09-11 16:33:20"}
{"level":"info","message":"Database connected successfully","timestamp":"2025-09-11 16:33:48"}
{"level":"info","message":"Server running on port 3000","timestamp":"2025-09-11 16:33:48"}
{"level":"info","message":"Environment: development","timestamp":"2025-09-11 16:33:48"}
{"level":"info","message":"API Documentation: http://localhost:3000/api/v1","timestamp":"2025-09-11 16:33:48"}
{"level":"info","message":"Database connected successfully","timestamp":"2025-09-11 16:33:58"}
{"level":"info","message":"Server running on port 3000","timestamp":"2025-09-11 16:33:58"}
{"level":"info","message":"Environment: development","timestamp":"2025-09-11 16:33:58"}
{"level":"info","message":"API Documentation: http://localhost:3000/api/v1","timestamp":"2025-09-11 16:33:58"}
{"level":"info","message":"Database connected successfully","timestamp":"2025-09-11 16:34:12"}
{"level":"info","message":"Server running on port 3000","timestamp":"2025-09-11 16:34:12"}
{"level":"info","message":"Environment: development","timestamp":"2025-09-11 16:34:12"}
{"level":"info","message":"API Documentation: http://localhost:3000/api/v1","timestamp":"2025-09-11 16:34:12"}
{"level":"info","message":"Received SIGINT, shutting down gracefully...","timestamp":"2025-09-11 16:34:37"}
{"level":"error","message":"Failed to start server: Can't reach database server at `localhost:5432`\n\nPlease make sure your database server is running at `localhost:5432`.","stack":"PrismaClientInitializationError: Can't reach database server at `localhost:5432`\n\nPlease make sure your database server is running at `localhost:5432`.\n    at r (/home/chocolatebrownies/fabric-hactt/fabric-samples/hactt-rest/node_modules/@prisma/client/src/runtime/core/engines/library/LibraryEngine.ts:440:17)\n    at async startServer (/home/chocolatebrownies/fabric-hactt/fabric-samples/hactt-rest/src/server.ts:11:9)","timestamp":"2025-09-11 16:34:40"}
{"level":"error","message":"Failed to start server: Can't reach database server at `localhost:5432`\n\nPlease make sure your database server is running at `localhost:5432`.","stack":"PrismaClientInitializationError: Can't reach database server at `localhost:5432`\n\nPlease make sure your database server is running at `localhost:5432`.\n    at r (/home/chocolatebrownies/fabric-hactt/fabric-samples/hactt-rest/node_modules/@prisma/client/src/runtime/core/engines/library/LibraryEngine.ts:440:17)\n    at async startServer (/home/chocolatebrownies/fabric-hactt/fabric-samples/hactt-rest/src/server.ts:11:9)","timestamp":"2025-09-11 16:35:47"}
2025-09-11 16:36:37 [[31merror[39m]: PrismaClientInitializationError: Can't reach database server at `localhost:5432`

Please make sure your database server is running at `localhost:5432`.
    at r (/home/chocolatebrownies/fabric-hactt/fabric-samples/hactt-rest/node_modules/@prisma/client/src/runtime/core/engines/library/LibraryEngine.ts:440:17)
    at async startServer (/home/chocolatebrownies/fabric-hactt/fabric-samples/hactt-rest/src/server.ts:12:9)
